2024-05-19 20:24:39.296 | INFO     | utils:log_output:58 - 进程50487: LassoLogistic————IS:               Params: code——LH; rolling_period——52; C——0.1; penalty——l1               Sharpe: 1.9500377108475004
2024-05-19 20:24:41.679 | INFO     | utils:log_output:58 - 进程50488: LassoLogistic————IS:               Params: code——LH; rolling_period——52; C——0.1; penalty——l2               Sharpe: 0.5790179528932289
2024-05-19 20:24:44.025 | INFO     | utils:log_output:58 - 进程50489: LassoLogistic————IS:               Params: code——LH; rolling_period——52; C——0.5; penalty——l1               Sharpe: 0.7684585957942944
2024-05-19 20:24:46.366 | INFO     | utils:log_output:58 - 进程50490: LassoLogistic————IS:               Params: code——LH; rolling_period——52; C——0.5; penalty——l2               Sharpe: 0.47497710667777604
2024-05-19 20:24:48.716 | INFO     | utils:log_output:58 - 进程50491: LassoLogistic————IS:               Params: code——LH; rolling_period——52; C——1; penalty——l1               Sharpe: 0.5093768783277741
2024-05-19 20:24:51.074 | INFO     | utils:log_output:58 - 进程50492: LassoLogistic————IS:               Params: code——LH; rolling_period——52; C——1; penalty——l2               Sharpe: 0.4430404681092646
2024-05-19 20:24:53.411 | INFO     | utils:log_output:58 - 进程50493: LassoLogistic————IS:               Params: code——LH; rolling_period——52; C——5; penalty——l1               Sharpe: 0.4127465894952716
2024-05-19 20:24:55.810 | INFO     | utils:log_output:58 - 进程50494: LassoLogistic————IS:               Params: code——LH; rolling_period——52; C——5; penalty——l2               Sharpe: 0.3955547959226717
2024-05-19 20:24:58.242 | INFO     | utils:log_output:58 - 进程50487: LassoLogistic————IS:               Params: code——LH; rolling_period——52; C——10; penalty——l1               Sharpe: 0.34480597153264353
2024-05-19 20:25:00.695 | INFO     | utils:log_output:58 - 进程50488: LassoLogistic————IS:               Params: code——LH; rolling_period——52; C——10; penalty——l2               Sharpe: 0.47497710667777615
2024-05-19 20:25:03.108 | INFO     | utils:log_output:58 - 进程50489: LassoLogistic————IS:               Params: code——LH; rolling_period——52; C——50; penalty——l1               Sharpe: 0.36199382607372754
2024-05-19 20:25:05.522 | INFO     | utils:log_output:58 - 进程50490: LassoLogistic————IS:               Params: code——LH; rolling_period——52; C——50; penalty——l2               Sharpe: 0.3857315433980214
2024-05-19 20:25:07.939 | INFO     | utils:log_output:58 - 进程50491: LassoLogistic————IS:               Params: code——LH; rolling_period——104; C——0.1; penalty——l1               Sharpe: 1.8047270379799574
2024-05-19 20:25:10.365 | INFO     | utils:log_output:58 - 进程50492: LassoLogistic————IS:               Params: code——LH; rolling_period——104; C——0.1; penalty——l2               Sharpe: 0.4340336886455717
2024-05-19 20:25:12.777 | INFO     | utils:log_output:58 - 进程50493: LassoLogistic————IS:               Params: code——LH; rolling_period——104; C——0.5; penalty——l1               Sharpe: 0.46433093816530946
2024-05-19 20:25:15.200 | INFO     | utils:log_output:58 - 进程50494: LassoLogistic————IS:               Params: code——LH; rolling_period——104; C——0.5; penalty——l2               Sharpe: 0.49217612501059754
2024-05-19 20:25:17.614 | INFO     | utils:log_output:58 - 进程50487: LassoLogistic————IS:               Params: code——LH; rolling_period——104; C——1; penalty——l1               Sharpe: 0.19016265226243842
2024-05-19 20:25:20.042 | INFO     | utils:log_output:58 - 进程50488: LassoLogistic————IS:               Params: code——LH; rolling_period——104; C——1; penalty——l2               Sharpe: 0.4381276267665665
2024-05-19 20:25:22.471 | INFO     | utils:log_output:58 - 进程50489: LassoLogistic————IS:               Params: code——LH; rolling_period——104; C——5; penalty——l1               Sharpe: 0.4021038830166083
2024-05-19 20:25:24.891 | INFO     | utils:log_output:58 - 进程50490: LassoLogistic————IS:               Params: code——LH; rolling_period——104; C——5; penalty——l2               Sharpe: 0.4299398372235081
2024-05-19 20:25:27.313 | INFO     | utils:log_output:58 - 进程50491: LassoLogistic————IS:               Params: code——LH; rolling_period——104; C——10; penalty——l1               Sharpe: 0.42011494263451693
2024-05-19 20:25:29.747 | INFO     | utils:log_output:58 - 进程50492: LassoLogistic————IS:               Params: code——LH; rolling_period——104; C——10; penalty——l2               Sharpe: 0.5093768783277741
2024-05-19 20:25:32.174 | INFO     | utils:log_output:58 - 进程50493: LassoLogistic————IS:               Params: code——LH; rolling_period——104; C——50; penalty——l1               Sharpe: 0.42011494263451693
2024-05-19 20:25:34.614 | INFO     | utils:log_output:58 - 进程50494: LassoLogistic————IS:               Params: code——LH; rolling_period——104; C——50; penalty——l2               Sharpe: 0.42011494263451693
2024-05-19 20:25:37.042 | INFO     | utils:log_output:58 - 进程50487: LassoLogistic————IS:               Params: code——LH; rolling_period——208; C——0.1; penalty——l1               Sharpe: 1.5154101594598373
2024-05-19 20:25:39.493 | INFO     | utils:log_output:58 - 进程50488: LassoLogistic————IS:               Params: code——LH; rolling_period——208; C——0.1; penalty——l2               Sharpe: 0.5290370846881427
2024-05-19 20:25:41.910 | INFO     | utils:log_output:58 - 进程50489: LassoLogistic————IS:               Params: code——LH; rolling_period——208; C——0.5; penalty——l1               Sharpe: 1.1236834719253064
2024-05-19 20:25:44.334 | INFO     | utils:log_output:58 - 进程50490: LassoLogistic————IS:               Params: code——LH; rolling_period——208; C——0.5; penalty——l2               Sharpe: 0.5380488214121797
2024-05-19 20:25:46.759 | INFO     | utils:log_output:58 - 进程50491: LassoLogistic————IS:               Params: code——LH; rolling_period——208; C——1; penalty——l1               Sharpe: 0.7011778616181658
2024-05-19 20:25:49.171 | INFO     | utils:log_output:58 - 进程50492: LassoLogistic————IS:               Params: code——LH; rolling_period——208; C——1; penalty——l2               Sharpe: 0.5323140201783826
2024-05-19 20:25:51.615 | INFO     | utils:log_output:58 - 进程50493: LassoLogistic————IS:               Params: code——LH; rolling_period——208; C——5; penalty——l1               Sharpe: 0.572462135114206
2024-05-19 20:25:54.027 | INFO     | utils:log_output:58 - 进程50494: LassoLogistic————IS:               Params: code——LH; rolling_period——208; C——5; penalty——l2               Sharpe: 0.49381421628593586
2024-05-19 20:25:56.456 | INFO     | utils:log_output:58 - 进程50487: LassoLogistic————IS:               Params: code——LH; rolling_period——208; C——10; penalty——l1               Sharpe: 0.5454224473797895
2024-05-19 20:25:58.857 | INFO     | utils:log_output:58 - 进程50488: LassoLogistic————IS:               Params: code——LH; rolling_period——208; C——10; penalty——l2               Sharpe: 0.5732815962406578
2024-05-19 20:26:01.316 | INFO     | utils:log_output:58 - 进程50489: LassoLogistic————IS:               Params: code——LH; rolling_period——208; C——50; penalty——l1               Sharpe: 0.48398590363437066
2024-05-19 20:26:03.733 | INFO     | utils:log_output:58 - 进程50490: LassoLogistic————IS:               Params: code——LH; rolling_period——208; C——50; penalty——l2               Sharpe: 0.48398590363437066
2024-05-19 20:26:06.137 | INFO     | utils:log_output:58 - 进程50491: LassoLogistic————IS:               Params: code——LH; rolling_period——312; C——0.1; penalty——l1               Sharpe: 1.3283377061089523
2024-05-19 20:26:08.564 | INFO     | utils:log_output:58 - 进程50492: LassoLogistic————IS:               Params: code——LH; rolling_period——312; C——0.1; penalty——l2               Sharpe: 0.7348132801469133
2024-05-19 20:26:10.995 | INFO     | utils:log_output:58 - 进程50493: LassoLogistic————IS:               Params: code——LH; rolling_period——312; C——0.5; penalty——l1               Sharpe: 0.945893708459798
2024-05-19 20:26:13.455 | INFO     | utils:log_output:58 - 进程50494: LassoLogistic————IS:               Params: code——LH; rolling_period——312; C——0.5; penalty——l2               Sharpe: 0.7339927881889968
2024-05-19 20:26:15.888 | INFO     | utils:log_output:58 - 进程50487: LassoLogistic————IS:               Params: code——LH; rolling_period——312; C——1; penalty——l1               Sharpe: 0.5224834163318692
2024-05-19 20:26:18.280 | INFO     | utils:log_output:58 - 进程50488: LassoLogistic————IS:               Params: code——LH; rolling_period——312; C——1; penalty——l2               Sharpe: 0.7282495087795828
2024-05-19 20:26:20.729 | INFO     | utils:log_output:58 - 进程50489: LassoLogistic————IS:               Params: code——LH; rolling_period——312; C——5; penalty——l1               Sharpe: 0.7102010527214517
2024-05-19 20:26:23.126 | INFO     | utils:log_output:58 - 进程50490: LassoLogistic————IS:               Params: code——LH; rolling_period——312; C——5; penalty——l2               Sharpe: 0.6896947818475452
2024-05-19 20:26:25.573 | INFO     | utils:log_output:58 - 进程50491: LassoLogistic————IS:               Params: code——LH; rolling_period——312; C——10; penalty——l1               Sharpe: 0.6798530043647598
2024-05-19 20:26:27.950 | INFO     | utils:log_output:58 - 进程50492: LassoLogistic————IS:               Params: code——LH; rolling_period——312; C——10; penalty——l2               Sharpe: 0.7692793407432449
2024-05-19 20:26:30.410 | INFO     | utils:log_output:58 - 进程50493: LassoLogistic————IS:               Params: code——LH; rolling_period——312; C——50; penalty——l1               Sharpe: 0.6798530043647598
2024-05-19 20:26:32.788 | INFO     | utils:log_output:58 - 进程50494: LassoLogistic————IS:               Params: code——LH; rolling_period——312; C——50; penalty——l2               Sharpe: 0.6798530043647598
2024-05-19 20:26:35.179 | INFO     | utils:log_output:58 - 进程50487: LassoLogistic————IS:               Params: code——LH; rolling_period——416; C——0.1; penalty——l1               Sharpe: 0.8086824722567892
2024-05-19 20:26:37.636 | INFO     | utils:log_output:58 - 进程50488: LassoLogistic————IS:               Params: code——LH; rolling_period——416; C——0.1; penalty——l2               Sharpe: 0.7996512947989188
2024-05-19 20:26:40.087 | INFO     | utils:log_output:58 - 进程50489: LassoLogistic————IS:               Params: code——LH; rolling_period——416; C——0.5; penalty——l1               Sharpe: 0.9491826801329845
2024-05-19 20:26:42.504 | INFO     | utils:log_output:58 - 进程50490: LassoLogistic————IS:               Params: code——LH; rolling_period——416; C——0.5; penalty——l2               Sharpe: 0.8136088992386243
2024-05-19 20:26:44.974 | INFO     | utils:log_output:58 - 进程50491: LassoLogistic————IS:               Params: code——LH; rolling_period——416; C——1; penalty——l1               Sharpe: 0.7635342552209246
2024-05-19 20:26:47.363 | INFO     | utils:log_output:58 - 进程50492: LassoLogistic————IS:               Params: code——LH; rolling_period——416; C——1; penalty——l2               Sharpe: 0.8078614238306288
2024-05-19 20:26:49.791 | INFO     | utils:log_output:58 - 进程50493: LassoLogistic————IS:               Params: code——LH; rolling_period——416; C——5; penalty——l1               Sharpe: 0.7897999857822658
2024-05-19 20:26:52.206 | INFO     | utils:log_output:58 - 进程50494: LassoLogistic————IS:               Params: code——LH; rolling_period——416; C——5; penalty——l2               Sharpe: 0.7692793407432451
2024-05-19 20:26:54.628 | INFO     | utils:log_output:58 - 进程50487: LassoLogistic————IS:               Params: code——LH; rolling_period——416; C——10; penalty——l1               Sharpe: 0.7594308064322686
2024-05-19 20:26:57.058 | INFO     | utils:log_output:58 - 进程50488: LassoLogistic————IS:               Params: code——LH; rolling_period——416; C——10; penalty——l2               Sharpe: 0.8489219201309498
2024-05-19 20:26:59.470 | INFO     | utils:log_output:58 - 进程50489: LassoLogistic————IS:               Params: code——LH; rolling_period——416; C——50; penalty——l1               Sharpe: 0.7594308064322686
2024-05-19 20:27:01.815 | INFO     | utils:log_output:58 - 进程50490: LassoLogistic————IS:               Params: code——LH; rolling_period——416; C——50; penalty——l2               Sharpe: 0.7594308064322686
2024-05-19 20:27:04.148 | INFO     | utils:log_output:58 - 进程50491: LassoLogistic————IS:               Params: code——LH; rolling_period——624; C——0.1; penalty——l1               Sharpe: 0.9409604788221732
2024-05-19 20:27:06.544 | INFO     | utils:log_output:58 - 进程50492: LassoLogistic————IS:               Params: code——LH; rolling_period——624; C——0.1; penalty——l2               Sharpe: 0.7348132801469135
2024-05-19 20:27:08.991 | INFO     | utils:log_output:58 - 进程50493: LassoLogistic————IS:               Params: code——LH; rolling_period——624; C——0.5; penalty——l1               Sharpe: 0.9236963088605503
2024-05-19 20:27:11.381 | INFO     | utils:log_output:58 - 进程50494: LassoLogistic————IS:               Params: code——LH; rolling_period——624; C——0.5; penalty——l2               Sharpe: 0.7487625496462276
2024-05-19 20:27:13.833 | INFO     | utils:log_output:58 - 进程50487: LassoLogistic————IS:               Params: code——LH; rolling_period——624; C——1; penalty——l1               Sharpe: 0.6987171096230844
2024-05-19 20:27:16.232 | INFO     | utils:log_output:58 - 进程50488: LassoLogistic————IS:               Params: code——LH; rolling_period——624; C——1; penalty——l2               Sharpe: 0.7430185246384449
2024-05-19 20:27:18.685 | INFO     | utils:log_output:58 - 进程50489: LassoLogistic————IS:               Params: code——LH; rolling_period——624; C——5; penalty——l1               Sharpe: 0.7249677633376975
2024-05-19 20:27:21.064 | INFO     | utils:log_output:58 - 进程50490: LassoLogistic————IS:               Params: code——LH; rolling_period——624; C——5; penalty——l2               Sharpe: 0.7044589429325103
2024-05-19 20:27:23.524 | INFO     | utils:log_output:58 - 进程50491: LassoLogistic————IS:               Params: code——LH; rolling_period——624; C——10; penalty——l1               Sharpe: 0.6946159681314994
2024-05-19 20:27:25.903 | INFO     | utils:log_output:58 - 进程50492: LassoLogistic————IS:               Params: code——LH; rolling_period——624; C——10; penalty——l2               Sharpe: 0.7840538106965038
2024-05-19 20:27:28.343 | INFO     | utils:log_output:58 - 进程50493: LassoLogistic————IS:               Params: code——LH; rolling_period——624; C——50; penalty——l1               Sharpe: 0.6946159681314994
2024-05-19 20:27:30.692 | INFO     | utils:log_output:58 - 进程50494: LassoLogistic————IS:               Params: code——LH; rolling_period——624; C——50; penalty——l2               Sharpe: 0.6946159681314994
2024-05-19 20:27:38.796 | INFO     | utils:log_output:58 - 进程50487: LassoLogistic————IS:               Params: code——A; rolling_period——52; C——0.1; penalty——l1               Sharpe: -0.22956441960958351
2024-05-19 20:27:41.262 | INFO     | utils:log_output:58 - 进程50488: LassoLogistic————IS:               Params: code——A; rolling_period——52; C——0.1; penalty——l2               Sharpe: 0.10899625440431245
2024-05-19 20:27:43.763 | INFO     | utils:log_output:58 - 进程50489: LassoLogistic————IS:               Params: code——A; rolling_period——52; C——0.5; penalty——l1               Sharpe: -0.11458945698234874
2024-05-19 20:27:46.326 | INFO     | utils:log_output:58 - 进程50490: LassoLogistic————IS:               Params: code——A; rolling_period——52; C——0.5; penalty——l2               Sharpe: 0.17201753377620274
2024-05-19 20:27:49.601 | INFO     | utils:log_output:58 - 进程50491: LassoLogistic————IS:               Params: code——A; rolling_period——52; C——1; penalty——l1               Sharpe: -0.0753025985174836
2024-05-19 20:27:53.088 | INFO     | utils:log_output:58 - 进程50492: LassoLogistic————IS:               Params: code——A; rolling_period——52; C——1; penalty——l2               Sharpe: 0.20959666334339677
2024-05-19 20:27:56.364 | INFO     | utils:log_output:58 - 进程50493: LassoLogistic————IS:               Params: code——A; rolling_period——52; C——5; penalty——l1               Sharpe: 0.15922813546316192
2024-05-19 20:27:59.709 | INFO     | utils:log_output:58 - 进程50494: LassoLogistic————IS:               Params: code——A; rolling_period——52; C——5; penalty——l2               Sharpe: 0.16199694711494633
2024-05-19 20:28:02.993 | INFO     | utils:log_output:58 - 进程50487: LassoLogistic————IS:               Params: code——A; rolling_period——52; C——10; penalty——l1               Sharpe: 0.15949183118075144
2024-05-19 20:28:06.444 | INFO     | utils:log_output:58 - 进程50488: LassoLogistic————IS:               Params: code——A; rolling_period——52; C——10; penalty——l2               Sharpe: 0.20036639950358645
2024-05-19 20:28:09.828 | INFO     | utils:log_output:58 - 进程50489: LassoLogistic————IS:               Params: code——A; rolling_period——52; C——50; penalty——l1               Sharpe: 0.1612058565736783
2024-05-19 20:28:13.084 | INFO     | utils:log_output:58 - 进程50490: LassoLogistic————IS:               Params: code——A; rolling_period——52; C——50; penalty——l2               Sharpe: 0.18836735896076148
2024-05-19 20:28:16.303 | INFO     | utils:log_output:58 - 进程50491: LassoLogistic————IS:               Params: code——A; rolling_period——104; C——0.1; penalty——l1               Sharpe: -0.3610662223790567
2024-05-19 20:28:19.862 | INFO     | utils:log_output:58 - 进程50492: LassoLogistic————IS:               Params: code——A; rolling_period——104; C——0.1; penalty——l2               Sharpe: 0.06522736448370252
2024-05-19 20:28:23.186 | INFO     | utils:log_output:58 - 进程50493: LassoLogistic————IS:               Params: code——A; rolling_period——104; C——0.5; penalty——l1               Sharpe: -0.0887495861678774
2024-05-19 20:28:26.484 | INFO     | utils:log_output:58 - 进程50494: LassoLogistic————IS:               Params: code——A; rolling_period——104; C——0.5; penalty——l2               Sharpe: 0.0176369442941305
2024-05-19 20:28:29.972 | INFO     | utils:log_output:58 - 进程50487: LassoLogistic————IS:               Params: code——A; rolling_period——104; C——1; penalty——l1               Sharpe: -0.021384150952904354
2024-05-19 20:28:33.459 | INFO     | utils:log_output:58 - 进程50488: LassoLogistic————IS:               Params: code——A; rolling_period——104; C——1; penalty——l2               Sharpe: 0.0859250568193514
2024-05-19 20:28:36.769 | INFO     | utils:log_output:58 - 进程50489: LassoLogistic————IS:               Params: code——A; rolling_period——104; C——5; penalty——l1               Sharpe: 0.10293176435273121
2024-05-19 20:28:40.281 | INFO     | utils:log_output:58 - 进程50490: LassoLogistic————IS:               Params: code——A; rolling_period——104; C——5; penalty——l2               Sharpe: 0.07142344924340593
2024-05-19 20:28:43.617 | INFO     | utils:log_output:58 - 进程50491: LassoLogistic————IS:               Params: code——A; rolling_period——104; C——10; penalty——l1               Sharpe: 0.10003137216663223
2024-05-19 20:28:47.068 | INFO     | utils:log_output:58 - 进程50492: LassoLogistic————IS:               Params: code——A; rolling_period——104; C——10; penalty——l2               Sharpe: 0.06232707991009008
2024-05-19 20:28:50.536 | INFO     | utils:log_output:58 - 进程50493: LassoLogistic————IS:               Params: code——A; rolling_period——104; C——50; penalty——l1               Sharpe: 0.10161340300730369
2024-05-19 20:28:53.877 | INFO     | utils:log_output:58 - 进程50494: LassoLogistic————IS:               Params: code——A; rolling_period——104; C——50; penalty——l2               Sharpe: 0.05692202055283967
2024-05-19 20:28:57.386 | INFO     | utils:log_output:58 - 进程50487: LassoLogistic————IS:               Params: code——A; rolling_period——208; C——0.1; penalty——l1               Sharpe: -0.36858636857748966
2024-05-19 20:29:00.922 | INFO     | utils:log_output:58 - 进程50488: LassoLogistic————IS:               Params: code——A; rolling_period——208; C——0.1; penalty——l2               Sharpe: 0.2466518141768652
2024-05-19 20:29:04.416 | INFO     | utils:log_output:58 - 进程50489: LassoLogistic————IS:               Params: code——A; rolling_period——208; C——0.5; penalty——l1               Sharpe: 0.42051875076330764
2024-05-19 20:29:07.919 | INFO     | utils:log_output:58 - 进程50490: LassoLogistic————IS:               Params: code——A; rolling_period——208; C——0.5; penalty——l2               Sharpe: 0.2568063949713926
2024-05-19 20:29:11.587 | INFO     | utils:log_output:58 - 进程50491: LassoLogistic————IS:               Params: code——A; rolling_period——208; C——1; penalty——l1               Sharpe: 0.36919001072869384
2024-05-19 20:29:14.869 | INFO     | utils:log_output:58 - 进程50492: LassoLogistic————IS:               Params: code——A; rolling_period——208; C——1; penalty——l2               Sharpe: 0.28186452759730823
2024-05-19 20:29:18.495 | INFO     | utils:log_output:58 - 进程50493: LassoLogistic————IS:               Params: code——A; rolling_period——208; C——5; penalty——l1               Sharpe: 0.2936029976748741
2024-05-19 20:29:21.804 | INFO     | utils:log_output:58 - 进程50494: LassoLogistic————IS:               Params: code——A; rolling_period——208; C——5; penalty——l2               Sharpe: 0.27487442358586534
2024-05-19 20:29:25.402 | INFO     | utils:log_output:58 - 进程50487: LassoLogistic————IS:               Params: code——A; rolling_period——208; C——10; penalty——l1               Sharpe: 0.29927456469022246
2024-05-19 20:29:28.648 | INFO     | utils:log_output:58 - 进程50488: LassoLogistic————IS:               Params: code——A; rolling_period——208; C——10; penalty——l2               Sharpe: 0.24137682755714665
2024-05-19 20:29:32.583 | INFO     | utils:log_output:58 - 进程50489: LassoLogistic————IS:               Params: code——A; rolling_period——208; C——50; penalty——l1               Sharpe: 0.31022233397792687
2024-05-19 20:29:35.785 | INFO     | utils:log_output:58 - 进程50490: LassoLogistic————IS:               Params: code——A; rolling_period——208; C——50; penalty——l2               Sharpe: 0.24823432601624162
2024-05-19 20:29:39.348 | INFO     | utils:log_output:58 - 进程50491: LassoLogistic————IS:               Params: code——A; rolling_period——312; C——0.1; penalty——l1               Sharpe: 0.07814689740151826
2024-05-19 20:29:43.304 | INFO     | utils:log_output:58 - 进程50492: LassoLogistic————IS:               Params: code——A; rolling_period——312; C——0.1; penalty——l2               Sharpe: 0.39320346071671486
2024-05-19 20:29:46.779 | INFO     | utils:log_output:58 - 进程50493: LassoLogistic————IS:               Params: code——A; rolling_period——312; C——0.5; penalty——l1               Sharpe: 0.44427420348626306
2024-05-19 20:29:50.275 | INFO     | utils:log_output:58 - 进程50494: LassoLogistic————IS:               Params: code——A; rolling_period——312; C——0.5; penalty——l2               Sharpe: 0.43384784133046794
2024-05-19 20:29:54.358 | INFO     | utils:log_output:58 - 进程50487: LassoLogistic————IS:               Params: code——A; rolling_period——312; C——1; penalty——l1               Sharpe: 0.4140524842669346
2024-05-19 20:29:57.544 | INFO     | utils:log_output:58 - 进程50488: LassoLogistic————IS:               Params: code——A; rolling_period——312; C——1; penalty——l2               Sharpe: 0.43266006377930194
2024-05-19 20:30:01.833 | INFO     | utils:log_output:58 - 进程50489: LassoLogistic————IS:               Params: code——A; rolling_period——312; C——5; penalty——l1               Sharpe: 0.4417665454232766
2024-05-19 20:30:04.713 | INFO     | utils:log_output:58 - 进程50490: LassoLogistic————IS:               Params: code——A; rolling_period——312; C——5; penalty——l2               Sharpe: 0.40613488715897067
2024-05-19 20:30:08.977 | INFO     | utils:log_output:58 - 进程50491: LassoLogistic————IS:               Params: code——A; rolling_period——312; C——10; penalty——l1               Sharpe: 0.4471778490997865
2024-05-19 20:30:11.732 | INFO     | utils:log_output:58 - 进程50492: LassoLogistic————IS:               Params: code——A; rolling_period——312; C——10; penalty——l2               Sharpe: 0.41708764473085236
2024-05-19 20:30:16.210 | INFO     | utils:log_output:58 - 进程50493: LassoLogistic————IS:               Params: code——A; rolling_period——312; C——50; penalty——l1               Sharpe: 0.4300205840840249
2024-05-19 20:30:19.065 | INFO     | utils:log_output:58 - 进程50494: LassoLogistic————IS:               Params: code——A; rolling_period——312; C——50; penalty——l2               Sharpe: 0.4118091339839584
2024-05-19 20:30:22.698 | INFO     | utils:log_output:58 - 进程50487: LassoLogistic————IS:               Params: code——A; rolling_period——416; C——0.1; penalty——l1               Sharpe: 0.18797179180659324
2024-05-19 20:30:26.790 | INFO     | utils:log_output:58 - 进程50488: LassoLogistic————IS:               Params: code——A; rolling_period——416; C——0.1; penalty——l2               Sharpe: 0.5035442108698146
2024-05-19 20:30:30.773 | INFO     | utils:log_output:58 - 进程50489: LassoLogistic————IS:               Params: code——A; rolling_period——416; C——0.5; penalty——l1               Sharpe: 0.49931940056635266
2024-05-19 20:30:34.012 | INFO     | utils:log_output:58 - 进程50490: LassoLogistic————IS:               Params: code——A; rolling_period——416; C——0.5; penalty——l2               Sharpe: 0.5347055478573933
2024-05-19 20:30:38.355 | INFO     | utils:log_output:58 - 进程50491: LassoLogistic————IS:               Params: code——A; rolling_period——416; C——1; penalty——l1               Sharpe: 0.5138426357140884
2024-05-19 20:30:41.431 | INFO     | utils:log_output:58 - 进程50492: LassoLogistic————IS:               Params: code——A; rolling_period——416; C——1; penalty——l2               Sharpe: 0.5218969831452586
2024-05-19 20:30:46.177 | INFO     | utils:log_output:58 - 进程50493: LassoLogistic————IS:               Params: code——A; rolling_period——416; C——5; penalty——l1               Sharpe: 0.4892858993333643
2024-05-19 20:30:48.876 | INFO     | utils:log_output:58 - 进程50494: LassoLogistic————IS:               Params: code——A; rolling_period——416; C——5; penalty——l2               Sharpe: 0.5233494491309304
2024-05-19 20:30:53.634 | INFO     | utils:log_output:58 - 进程50487: LassoLogistic————IS:               Params: code——A; rolling_period——416; C——10; penalty——l1               Sharpe: 0.5024879983057112
2024-05-19 20:30:56.480 | INFO     | utils:log_output:58 - 进程50488: LassoLogistic————IS:               Params: code——A; rolling_period——416; C——10; penalty——l2               Sharpe: 0.5075050676141257
2024-05-19 20:31:01.062 | INFO     | utils:log_output:58 - 进程50489: LassoLogistic————IS:               Params: code——A; rolling_period——416; C——50; penalty——l1               Sharpe: 0.5233494491309304
2024-05-19 20:31:03.905 | INFO     | utils:log_output:58 - 进程50490: LassoLogistic————IS:               Params: code——A; rolling_period——416; C——50; penalty——l2               Sharpe: 0.5075050676141257
2024-05-19 20:31:07.627 | INFO     | utils:log_output:58 - 进程50491: LassoLogistic————IS:               Params: code——A; rolling_period——624; C——0.1; penalty——l1               Sharpe: 0.2901737327606667
2024-05-19 20:31:11.656 | INFO     | utils:log_output:58 - 进程50492: LassoLogistic————IS:               Params: code——A; rolling_period——624; C——0.1; penalty——l2               Sharpe: 0.2612903354377862
2024-05-19 20:31:16.492 | INFO     | utils:log_output:58 - 进程50493: LassoLogistic————IS:               Params: code——A; rolling_period——624; C——0.5; penalty——l1               Sharpe: 0.3846269273737136
2024-05-19 20:31:19.435 | INFO     | utils:log_output:58 - 进程50494: LassoLogistic————IS:               Params: code——A; rolling_period——624; C——0.5; penalty——l2               Sharpe: 0.2743468751055719
2024-05-19 20:31:24.543 | INFO     | utils:log_output:58 - 进程50487: LassoLogistic————IS:               Params: code——A; rolling_period——624; C——1; penalty——l1               Sharpe: 0.3566565343671668
2024-05-19 20:31:27.213 | INFO     | utils:log_output:58 - 进程50488: LassoLogistic————IS:               Params: code——A; rolling_period——624; C——1; penalty——l2               Sharpe: 0.27790784507402316
2024-05-19 20:31:32.639 | INFO     | utils:log_output:58 - 进程50489: LassoLogistic————IS:               Params: code——A; rolling_period——624; C——5; penalty——l1               Sharpe: 0.32222581915973003
2024-05-19 20:31:34.880 | INFO     | utils:log_output:58 - 进程50490: LassoLogistic————IS:               Params: code——A; rolling_period——624; C——5; penalty——l2               Sharpe: 0.27790784507402316
2024-05-19 20:31:39.839 | INFO     | utils:log_output:58 - 进程50491: LassoLogistic————IS:               Params: code——A; rolling_period——624; C——10; penalty——l1               Sharpe: 0.3149709007279935
2024-05-19 20:31:41.376 | INFO     | utils:log_output:58 - 进程50492: LassoLogistic————IS:               Params: code——A; rolling_period——624; C——10; penalty——l2               Sharpe: 0.27790784507402316
2024-05-19 20:31:45.002 | INFO     | utils:log_output:58 - 进程50493: LassoLogistic————IS:               Params: code——A; rolling_period——624; C——50; penalty——l1               Sharpe: 0.27790784507402316
2024-05-19 20:31:46.017 | INFO     | utils:log_output:58 - 进程50494: LassoLogistic————IS:               Params: code——A; rolling_period——624; C——50; penalty——l2               Sharpe: 0.27790784507402316
2024-05-19 20:31:54.129 | INFO     | utils:log_output:60 - LassoLogistic————OS:               Params: code——A; rolling_period——416; C——0.5; penalty——l2               Sharpe: 0.5267559110021974
